{"uid":"b4437d0285a5993f","name":"Соответствие результатов поиска установленным фильтрам [1]: https://ya.ru/, Маркет, Электроника, Смартфоны, {Производитель=[Google, Seals, OnePlus, ASUS, Black Shark, Apple]}, {Производитель=[Google, Seals, OnePlus, ASUS, Black Shark, Apple]}","fullName":"ru.bellintegrator.ru.yandex.market.MarketTest.marketTest","historyId":"216002fb7d61e6ca01e53ae8f0421791","time":{"start":1700518546614,"stop":1700518576539,"duration":29925},"description":"","status":"failed","statusMessage":"Test [1]: https://ya.ru/, Маркет, Электроника, Смартфоны, {Производитель=[Google, Seals, OnePlus, ASUS, Black Shark, Apple]}, {Производитель=[Google, Seals, OnePlus, ASUS, Black Shark, Apple]} failed (2 failures)\r\n\tcom.codeborne.selenide.ex.ElementShouldNot: Element should not exist (because Элемент (всего таких: 1) \"IPhone 14\" не соответствует фильтру \"Производитель\". Слова проверки: [Google, Seals, OnePlus, ASUS, Black Shark, Apple]) {By.xpath: //*[@id='searchResults']//*[@data-auto='snippet-title-header'].filter(not one of texts \"[Google, Seals, OnePlus, ASUS, Black Shark, Apple]\")[0]}\r\nElement: '<h3 class=\"f0MCF _2tgvL mhXcs cia-cs\" data-auto=\"snippet-title-header\" data-baobab-name=\"title\" data-node-id=\"bviq3k\" data-zone-name=\"title\">IPhone 14</h3>'\r\nActual value: exists\r\nScreenshot: file:/C:/Users/Admin/IdeaProjects/SelenideTestCase/build/reports/tests/1700518563184.0.png\r\nPage source: file:/C:/Users/Admin/IdeaProjects/SelenideTestCase/build/reports/tests/1700518563184.0.html\r\nTimeout: 0 ms.\r\n\tcom.codeborne.selenide.ex.ElementShouldNot: Element should not exist (because Элемент (всего таких: 1) \"One Plus 10T 5G 16/256 Green EU Global Version\" не соответствует фильтру \"Производитель\". Слова проверки: [Google, Seals, OnePlus, ASUS, Black Shark, Apple]) {By.xpath: //*[@id='searchResults']//*[@data-auto='snippet-title-header'].filter(not one of texts \"[Google, Seals, OnePlus, ASUS, Black Shark, Apple]\")[0]}\r\nElement: '<h3 class=\"f0MCF _2tgvL mhXcs cia-cs\" data-auto=\"snippet-title-header\" data-baobab-name=\"title\" data-node-id=\"bviqhs\" data-zone-name=\"title\">One Plus 10T 5G 16/256 Green EU Global Version</h3>'\r\nActual value: exists\r\nScreenshot: file:/C:/Users/Admin/IdeaProjects/SelenideTestCase/build/reports/tests/1700518571140.1.png\r\nPage source: file:/C:/Users/Admin/IdeaProjects/SelenideTestCase/build/reports/tests/1700518571140.1.html\r\nTimeout: 0 ms.","statusTrace":"com.codeborne.selenide.ex.SoftAssertionError: Test [1]: https://ya.ru/, Маркет, Электроника, Смартфоны, {Производитель=[Google, Seals, OnePlus, ASUS, Black Shark, Apple]}, {Производитель=[Google, Seals, OnePlus, ASUS, Black Shark, Apple]} failed (2 failures)\r\n\tcom.codeborne.selenide.ex.ElementShouldNot: Element should not exist (because Элемент (всего таких: 1) \"IPhone 14\" не соответствует фильтру \"Производитель\". Слова проверки: [Google, Seals, OnePlus, ASUS, Black Shark, Apple]) {By.xpath: //*[@id='searchResults']//*[@data-auto='snippet-title-header'].filter(not one of texts \"[Google, Seals, OnePlus, ASUS, Black Shark, Apple]\")[0]}\r\nElement: '<h3 class=\"f0MCF _2tgvL mhXcs cia-cs\" data-auto=\"snippet-title-header\" data-baobab-name=\"title\" data-node-id=\"bviq3k\" data-zone-name=\"title\">IPhone 14</h3>'\r\nActual value: exists\r\nScreenshot: file:/C:/Users/Admin/IdeaProjects/SelenideTestCase/build/reports/tests/1700518563184.0.png\r\nPage source: file:/C:/Users/Admin/IdeaProjects/SelenideTestCase/build/reports/tests/1700518563184.0.html\r\nTimeout: 0 ms.\r\n\tcom.codeborne.selenide.ex.ElementShouldNot: Element should not exist (because Элемент (всего таких: 1) \"One Plus 10T 5G 16/256 Green EU Global Version\" не соответствует фильтру \"Производитель\". Слова проверки: [Google, Seals, OnePlus, ASUS, Black Shark, Apple]) {By.xpath: //*[@id='searchResults']//*[@data-auto='snippet-title-header'].filter(not one of texts \"[Google, Seals, OnePlus, ASUS, Black Shark, Apple]\")[0]}\r\nElement: '<h3 class=\"f0MCF _2tgvL mhXcs cia-cs\" data-auto=\"snippet-title-header\" data-baobab-name=\"title\" data-node-id=\"bviqhs\" data-zone-name=\"title\">One Plus 10T 5G 16/256 Green EU Global Version</h3>'\r\nActual value: exists\r\nScreenshot: file:/C:/Users/Admin/IdeaProjects/SelenideTestCase/build/reports/tests/1700518571140.1.png\r\nPage source: file:/C:/Users/Admin/IdeaProjects/SelenideTestCase/build/reports/tests/1700518571140.1.html\r\nTimeout: 0 ms.\r\n\tat com.codeborne.selenide.logevents.ErrorsCollector.cleanAndGetAssertionError(ErrorsCollector.java:64)\r\n\tat com.codeborne.selenide.logevents.ErrorsCollector.cleanAndThrowAssertionError(ErrorsCollector.java:70)\r\n\tat com.codeborne.selenide.junit5.SoftAssertsExtension.lambda$afterEach$3(SoftAssertsExtension.java:72)\r\n\tat java.base/java.util.Optional.ifPresent(Optional.java:178)\r\n\tat com.codeborne.selenide.junit5.SoftAssertsExtension.afterEach(SoftAssertsExtension.java:71)\r\n\tat org.junit.jupiter.engine.descriptor.TestMethodTestDescriptor.lambda$invokeAfterEachCallbacks$11(TestMethodTestDescriptor.java:255)\r\n\tat org.junit.jupiter.engine.descriptor.TestMethodTestDescriptor.lambda$invokeAllAfterMethodsOrCallbacks$12(TestMethodTestDescriptor.java:271)\r\n\tat org.junit.platform.engine.support.hierarchical.ThrowableCollector.execute(ThrowableCollector.java:73)\r\n\tat org.junit.jupiter.engine.descriptor.TestMethodTestDescriptor.lambda$invokeAllAfterMethodsOrCallbacks$13(TestMethodTestDescriptor.java:271)\r\n\tat java.base/java.util.ArrayList.forEach(ArrayList.java:1511)\r\n\tat org.junit.jupiter.engine.descriptor.TestMethodTestDescriptor.invokeAllAfterMethodsOrCallbacks(TestMethodTestDescriptor.java:270)\r\n\tat org.junit.jupiter.engine.descriptor.TestMethodTestDescriptor.invokeAfterEachCallbacks(TestMethodTestDescriptor.java:254)\r\n\tat org.junit.jupiter.engine.descriptor.TestMethodTestDescriptor.execute(TestMethodTestDescriptor.java:143)\r\n\tat org.junit.jupiter.engine.descriptor.TestMethodTestDescriptor.execute(TestMethodTestDescriptor.java:71)\r\n\tat org.junit.platform.engine.support.hierarchical.NodeTestTask.lambda$executeRecursively$5(NodeTestTask.java:139)\r\n\tat org.junit.platform.engine.support.hierarchical.ThrowableCollector.execute(ThrowableCollector.java:73)\r\n\tat org.junit.platform.engine.support.hierarchical.NodeTestTask.lambda$executeRecursively$7(NodeTestTask.java:129)\r\n\tat org.junit.platform.engine.support.hierarchical.Node.around(Node.java:137)\r\n\tat org.junit.platform.engine.support.hierarchical.NodeTestTask.lambda$executeRecursively$8(NodeTestTask.java:127)\r\n\tat org.junit.platform.engine.support.hierarchical.ThrowableCollector.execute(ThrowableCollector.java:73)\r\n\tat org.junit.platform.engine.support.hierarchical.NodeTestTask.executeRecursively(NodeTestTask.java:126)\r\n\tat org.junit.platform.engine.support.hierarchical.NodeTestTask.execute(NodeTestTask.java:84)\r\n\tat org.junit.platform.engine.support.hierarchical.SameThreadHierarchicalTestExecutorService.submit(SameThreadHierarchicalTestExecutorService.java:32)\r\n\tat org.junit.platform.engine.support.hierarchical.NodeTestTask$DefaultDynamicTestExecutor.execute(NodeTestTask.java:212)\r\n\tat org.junit.platform.engine.support.hierarchical.NodeTestTask$DefaultDynamicTestExecutor.execute(NodeTestTask.java:192)\r\n\tat org.junit.jupiter.engine.descriptor.TestTemplateTestDescriptor.execute(TestTemplateTestDescriptor.java:139)\r\n\tat org.junit.jupiter.engine.descriptor.TestTemplateTestDescriptor.lambda$execute$2(TestTemplateTestDescriptor.java:107)\r\n\tat java.base/java.util.stream.ForEachOps$ForEachOp$OfRef.accept(ForEachOps.java:183)\r\n\tat java.base/java.util.stream.ReferencePipeline$3$1.accept(ReferencePipeline.java:197)\r\n\tat java.base/java.util.stream.ReferencePipeline$2$1.accept(ReferencePipeline.java:179)\r\n\tat java.base/java.util.stream.ReferencePipeline$3$1.accept(ReferencePipeline.java:197)\r\n\tat java.base/java.util.stream.ForEachOps$ForEachOp$OfRef.accept(ForEachOps.java:183)\r\n\tat java.base/java.util.stream.ReferencePipeline$15$1.accept(ReferencePipeline.java:541)\r\n\tat java.base/java.util.stream.ReferencePipeline$3$1.accept(ReferencePipeline.java:197)\r\n\tat java.base/java.util.stream.ReferencePipeline$3$1.accept(ReferencePipeline.java:197)\r\n\tat java.base/java.util.stream.ReferencePipeline$3$1.accept(ReferencePipeline.java:197)\r\n\tat java.base/java.util.stream.ForEachOps$ForEachOp$OfRef.accept(ForEachOps.java:183)\r\n\tat java.base/java.util.stream.ReferencePipeline$3$1.accept(ReferencePipeline.java:197)\r\n\tat java.base/java.util.Spliterators$ArraySpliterator.forEachRemaining(Spliterators.java:992)\r\n\tat java.base/java.util.stream.ReferencePipeline$Head.forEach(ReferencePipeline.java:762)\r\n\tat java.base/java.util.stream.ReferencePipeline$7$1.accept(ReferencePipeline.java:276)\r\n\tat java.base/java.util.stream.ReferencePipeline$3$1.accept(ReferencePipeline.java:197)\r\n\tat java.base/java.util.stream.ReferencePipeline$3$1.accept(ReferencePipeline.java:197)\r\n\tat java.base/java.util.Spliterators$ArraySpliterator.forEachRemaining(Spliterators.java:992)\r\n\tat java.base/java.util.stream.AbstractPipeline.copyInto(AbstractPipeline.java:509)\r\n\tat java.base/java.util.stream.AbstractPipeline.wrapAndCopyInto(AbstractPipeline.java:499)\r\n\tat java.base/java.util.stream.ForEachOps$ForEachOp.evaluateSequential(ForEachOps.java:150)\r\n\tat java.base/java.util.stream.ForEachOps$ForEachOp$OfRef.evaluateSequential(ForEachOps.java:173)\r\n\tat java.base/java.util.stream.AbstractPipeline.evaluate(AbstractPipeline.java:234)\r\n\tat java.base/java.util.stream.ReferencePipeline.forEach(ReferencePipeline.java:596)\r\n\tat java.base/java.util.stream.ReferencePipeline$7$1.accept(ReferencePipeline.java:276)\r\n\tat java.base/java.util.stream.ReferencePipeline$3$1.accept(ReferencePipeline.java:197)\r\n\tat java.base/java.util.stream.ReferencePipeline$3$1.accept(ReferencePipeline.java:197)\r\n\tat java.base/java.util.stream.ReferencePipeline$3$1.accept(ReferencePipeline.java:197)\r\n\tat java.base/java.util.ArrayList$ArrayListSpliterator.forEachRemaining(ArrayList.java:1625)\r\n\tat java.base/java.util.stream.AbstractPipeline.copyInto(AbstractPipeline.java:509)\r\n\tat java.base/java.util.stream.AbstractPipeline.wrapAndCopyInto(AbstractPipeline.java:499)\r\n\tat java.base/java.util.stream.ForEachOps$ForEachOp.evaluateSequential(ForEachOps.java:150)\r\n\tat java.base/java.util.stream.ForEachOps$ForEachOp$OfRef.evaluateSequential(ForEachOps.java:173)\r\n\tat java.base/java.util.stream.AbstractPipeline.evaluate(AbstractPipeline.java:234)\r\n\tat java.base/java.util.stream.ReferencePipeline.forEach(ReferencePipeline.java:596)\r\n\tat java.base/java.util.stream.ReferencePipeline$7$1.accept(ReferencePipeline.java:276)\r\n\tat java.base/java.util.ArrayList$ArrayListSpliterator.forEachRemaining(ArrayList.java:1625)\r\n\tat java.base/java.util.stream.AbstractPipeline.copyInto(AbstractPipeline.java:509)\r\n\tat java.base/java.util.stream.AbstractPipeline.wrapAndCopyInto(AbstractPipeline.java:499)\r\n\tat java.base/java.util.stream.ForEachOps$ForEachOp.evaluateSequential(ForEachOps.java:150)\r\n\tat java.base/java.util.stream.ForEachOps$ForEachOp$OfRef.evaluateSequential(ForEachOps.java:173)\r\n\tat java.base/java.util.stream.AbstractPipeline.evaluate(AbstractPipeline.java:234)\r\n\tat java.base/java.util.stream.ReferencePipeline.forEach(ReferencePipeline.java:596)\r\n\tat org.junit.jupiter.engine.descriptor.TestTemplateTestDescriptor.execute(TestTemplateTestDescriptor.java:107)\r\n\tat org.junit.jupiter.engine.descriptor.TestTemplateTestDescriptor.execute(TestTemplateTestDescriptor.java:42)\r\n\tat org.junit.platform.engine.support.hierarchical.NodeTestTask.lambda$executeRecursively$5(NodeTestTask.java:139)\r\n\tat org.junit.platform.engine.support.hierarchical.ThrowableCollector.execute(ThrowableCollector.java:73)\r\n\tat org.junit.platform.engine.support.hierarchical.NodeTestTask.lambda$executeRecursively$7(NodeTestTask.java:129)\r\n\tat org.junit.platform.engine.support.hierarchical.Node.around(Node.java:137)\r\n\tat org.junit.platform.engine.support.hierarchical.NodeTestTask.lambda$executeRecursively$8(NodeTestTask.java:127)\r\n\tat org.junit.platform.engine.support.hierarchical.ThrowableCollector.execute(ThrowableCollector.java:73)\r\n\tat org.junit.platform.engine.support.hierarchical.NodeTestTask.executeRecursively(NodeTestTask.java:126)\r\n\tat org.junit.platform.engine.support.hierarchical.NodeTestTask.execute(NodeTestTask.java:84)\r\n\tat java.base/java.util.ArrayList.forEach(ArrayList.java:1511)\r\n\tat org.junit.platform.engine.support.hierarchical.SameThreadHierarchicalTestExecutorService.invokeAll(SameThreadHierarchicalTestExecutorService.java:38)\r\n\tat org.junit.platform.engine.support.hierarchical.NodeTestTask.lambda$executeRecursively$5(NodeTestTask.java:143)\r\n\tat org.junit.platform.engine.support.hierarchical.ThrowableCollector.execute(ThrowableCollector.java:73)\r\n\tat org.junit.platform.engine.support.hierarchical.NodeTestTask.lambda$executeRecursively$7(NodeTestTask.java:129)\r\n\tat org.junit.platform.engine.support.hierarchical.Node.around(Node.java:137)\r\n\tat org.junit.platform.engine.support.hierarchical.NodeTestTask.lambda$executeRecursively$8(NodeTestTask.java:127)\r\n\tat org.junit.platform.engine.support.hierarchical.ThrowableCollector.execute(ThrowableCollector.java:73)\r\n\tat org.junit.platform.engine.support.hierarchical.NodeTestTask.executeRecursively(NodeTestTask.java:126)\r\n\tat org.junit.platform.engine.support.hierarchical.NodeTestTask.execute(NodeTestTask.java:84)\r\n\tat java.base/java.util.ArrayList.forEach(ArrayList.java:1511)\r\n\tat org.junit.platform.engine.support.hierarchical.SameThreadHierarchicalTestExecutorService.invokeAll(SameThreadHierarchicalTestExecutorService.java:38)\r\n\tat org.junit.platform.engine.support.hierarchical.NodeTestTask.lambda$executeRecursively$5(NodeTestTask.java:143)\r\n\tat org.junit.platform.engine.support.hierarchical.ThrowableCollector.execute(ThrowableCollector.java:73)\r\n\tat org.junit.platform.engine.support.hierarchical.NodeTestTask.lambda$executeRecursively$7(NodeTestTask.java:129)\r\n\tat org.junit.platform.engine.support.hierarchical.Node.around(Node.java:137)\r\n\tat org.junit.platform.engine.support.hierarchical.NodeTestTask.lambda$executeRecursively$8(NodeTestTask.java:127)\r\n\tat org.junit.platform.engine.support.hierarchical.ThrowableCollector.execute(ThrowableCollector.java:73)\r\n\tat org.junit.platform.engine.support.hierarchical.NodeTestTask.executeRecursively(NodeTestTask.java:126)\r\n\tat org.junit.platform.engine.support.hierarchical.NodeTestTask.execute(NodeTestTask.java:84)\r\n\tat org.junit.platform.engine.support.hierarchical.SameThreadHierarchicalTestExecutorService.submit(SameThreadHierarchicalTestExecutorService.java:32)\r\n\tat org.junit.platform.engine.support.hierarchical.HierarchicalTestExecutor.execute(HierarchicalTestExecutor.java:57)\r\n\tat org.junit.platform.engine.support.hierarchical.HierarchicalTestEngine.execute(HierarchicalTestEngine.java:51)\r\n\tat org.junit.platform.launcher.core.EngineExecutionOrchestrator.execute(EngineExecutionOrchestrator.java:147)\r\n\tat org.junit.platform.launcher.core.EngineExecutionOrchestrator.execute(EngineExecutionOrchestrator.java:127)\r\n\tat org.junit.platform.launcher.core.EngineExecutionOrchestrator.execute(EngineExecutionOrchestrator.java:90)\r\n\tat org.junit.platform.launcher.core.EngineExecutionOrchestrator.lambda$execute$0(EngineExecutionOrchestrator.java:55)\r\n\tat org.junit.platform.launcher.core.EngineExecutionOrchestrator.withInterceptedStreams(EngineExecutionOrchestrator.java:102)\r\n\tat org.junit.platform.launcher.core.EngineExecutionOrchestrator.execute(EngineExecutionOrchestrator.java:54)\r\n\tat org.junit.platform.launcher.core.DefaultLauncher.execute(DefaultLauncher.java:114)\r\n\tat org.junit.platform.launcher.core.DefaultLauncher.execute(DefaultLauncher.java:86)\r\n\tat org.junit.platform.launcher.core.DefaultLauncherSession$DelegatingLauncher.execute(DefaultLauncherSession.java:86)\r\n\tat org.apache.maven.surefire.junitplatform.LazyLauncher.execute(LazyLauncher.java:56)\r\n\tat org.apache.maven.surefire.junitplatform.JUnitPlatformProvider.execute(JUnitPlatformProvider.java:184)\r\n\tat org.apache.maven.surefire.junitplatform.JUnitPlatformProvider.invokeAllTests(JUnitPlatformProvider.java:148)\r\n\tat org.apache.maven.surefire.junitplatform.JUnitPlatformProvider.invoke(JUnitPlatformProvider.java:122)\r\n\tat org.apache.maven.surefire.booter.ForkedBooter.runSuitesInProcess(ForkedBooter.java:385)\r\n\tat org.apache.maven.surefire.booter.ForkedBooter.execute(ForkedBooter.java:162)\r\n\tat org.apache.maven.surefire.booter.ForkedBooter.run(ForkedBooter.java:507)\r\n\tat org.apache.maven.surefire.booter.ForkedBooter.main(ForkedBooter.java:495)\r\n\tSuppressed: Element should not exist (because Элемент (всего таких: 1) \"IPhone 14\" не соответствует фильтру \"Производитель\". Слова проверки: [Google, Seals, OnePlus, ASUS, Black Shark, Apple]) {By.xpath: //*[@id='searchResults']//*[@data-auto='snippet-title-header'].filter(not one of texts \"[Google, Seals, OnePlus, ASUS, Black Shark, Apple]\")[0]}\r\nElement: '<h3 class=\"f0MCF _2tgvL mhXcs cia-cs\" data-auto=\"snippet-title-header\" data-baobab-name=\"title\" data-node-id=\"bviq3k\" data-zone-name=\"title\">IPhone 14</h3>'\r\nActual value: exists\r\nScreenshot: file:/C:/Users/Admin/IdeaProjects/SelenideTestCase/build/reports/tests/1700518563184.0.png\r\nPage source: file:/C:/Users/Admin/IdeaProjects/SelenideTestCase/build/reports/tests/1700518563184.0.html\r\nTimeout: 0 ms.\r\n\t\tat com.codeborne.selenide.impl.WebElementSource.handleError(WebElementSource.java:146)\r\n\t\tat com.codeborne.selenide.impl.WebElementSource.checkConditionAndReturnElement(WebElementSource.java:127)\r\n\t\tat com.codeborne.selenide.impl.WebElementSource.checkCondition(WebElementSource.java:104)\r\n\t\tat com.codeborne.selenide.commands.ShouldNot.execute(ShouldNot.java:30)\r\n\t\tat com.codeborne.selenide.commands.ShouldNot.execute(ShouldNot.java:14)\r\n\t\tat com.codeborne.selenide.commands.Commands.execute(Commands.java:163)\r\n\t\tat com.codeborne.selenide.impl.SelenideElementProxy.dispatchAndRetry(SelenideElementProxy.java:132)\r\n\t\tat com.codeborne.selenide.impl.SelenideElementProxy.invoke(SelenideElementProxy.java:84)\r\n\t\tat jdk.proxy2/jdk.proxy2.$Proxy31.shouldNot(Unknown Source)\r\n\t\tat helpers.PageableChecker.lambda$processPageCheck$1(PageableChecker.java:69)\r\n\t\tat helpers.AllureCustom.lambda$stepSoftAssert$3(AllureCustom.java:40)\r\n\t\tat io.qameta.allure.Allure.lambda$step$0(Allure.java:113)\r\n\t\tat io.qameta.allure.Allure.lambda$step$1(Allure.java:127)\r\n\t\tat io.qameta.allure.Allure.step(Allure.java:181)\r\n\t\tat io.qameta.allure.Allure.step(Allure.java:125)\r\n\t\tat io.qameta.allure.Allure.step(Allure.java:112)\r\n\t\tat helpers.AllureCustom.stepSoftAssert(AllureCustom.java:37)\r\n\t\tat helpers.PageableChecker.processPageCheck(PageableChecker.java:67)\r\n\t\tat io.qameta.allure.Allure.lambda$step$0(Allure.java:113)\r\n\t\tat io.qameta.allure.Allure.lambda$step$1(Allure.java:127)\r\n\t\tat io.qameta.allure.Allure.step(Allure.java:181)\r\n\t\tat io.qameta.allure.Allure.step(Allure.java:125)\r\n\t\tat io.qameta.allure.Allure.step(Allure.java:112)\r\n\t\tat helpers.PageableChecker.lambda$start$0(PageableChecker.java:49)\r\n\t\tat io.qameta.allure.Allure.lambda$step$0(Allure.java:113)\r\n\t\tat io.qameta.allure.Allure.lambda$step$1(Allure.java:127)\r\n\t\tat io.qameta.allure.Allure.step(Allure.java:181)\r\n\t\tat io.qameta.allure.Allure.step(Allure.java:125)\r\n\t\tat io.qameta.allure.Allure.step(Allure.java:112)\r\n\t\tat helpers.PageableChecker.start(PageableChecker.java:39)\r\n\t\tat ru.bellintegrator.ru.yandex.market.MarketTest.marketTest(MarketTest.java:62)\r\n\t\tat java.base/jdk.internal.reflect.NativeMethodAccessorImpl.invoke0(Native Method)\r\n\t\tat java.base/jdk.internal.reflect.NativeMethodAccessorImpl.invoke(NativeMethodAccessorImpl.java:77)\r\n\t\tat java.base/jdk.internal.reflect.DelegatingMethodAccessorImpl.invoke(DelegatingMethodAccessorImpl.java:43)\r\n\t\tat java.base/java.lang.reflect.Method.invoke(Method.java:568)\r\n\t\tat org.junit.platform.commons.util.ReflectionUtils.invokeMethod(ReflectionUtils.java:688)\r\n\t\tat org.junit.jupiter.engine.execution.MethodInvocation.proceed(MethodInvocation.java:60)\r\n\t\tat org.junit.jupiter.engine.execution.InvocationInterceptorChain$ValidatingInvocation.proceed(InvocationInterceptorChain.java:131)\r\n\t\tat org.junit.jupiter.engine.extension.TimeoutExtension.intercept(TimeoutExtension.java:149)\r\n\t\tat org.junit.jupiter.engine.extension.TimeoutExtension.interceptTestableMethod(TimeoutExtension.java:140)\r\n\t\tat org.junit.jupiter.engine.extension.TimeoutExtension.interceptTestTemplateMethod(TimeoutExtension.java:92)\r\n\t\tat org.junit.jupiter.engine.execution.ExecutableInvoker$ReflectiveInterceptorCall.lambda$ofVoidMethod$0(ExecutableInvoker.java:115)\r\n\t\tat org.junit.jupiter.engine.execution.ExecutableInvoker.lambda$invoke$0(ExecutableInvoker.java:105)\r\n\t\tat org.junit.jupiter.engine.execution.InvocationInterceptorChain$InterceptedInvocation.proceed(InvocationInterceptorChain.java:106)\r\n\t\tat org.junit.jupiter.engine.execution.InvocationInterceptorChain.proceed(InvocationInterceptorChain.java:64)\r\n\t\tat org.junit.jupiter.engine.execution.InvocationInterceptorChain.chainAndInvoke(InvocationInterceptorChain.java:45)\r\n\t\tat org.junit.jupiter.engine.execution.InvocationInterceptorChain.invoke(InvocationInterceptorChain.java:37)\r\n\t\tat org.junit.jupiter.engine.execution.ExecutableInvoker.invoke(ExecutableInvoker.java:104)\r\n\t\tat org.junit.jupiter.engine.execution.ExecutableInvoker.invoke(ExecutableInvoker.java:98)\r\n\t\tat org.junit.jupiter.engine.descriptor.TestMethodTestDescriptor.lambda$invokeTestMethod$6(TestMethodTestDescriptor.java:212)\r\n\t\tat org.junit.platform.engine.support.hierarchical.ThrowableCollector.execute(ThrowableCollector.java:73)\r\n\t\tat org.junit.jupiter.engine.descriptor.TestMethodTestDescriptor.invokeTestMethod(TestMethodTestDescriptor.java:208)\r\n\t\tat org.junit.jupiter.engine.descriptor.TestMethodTestDescriptor.execute(TestMethodTestDescriptor.java:137)\r\n\t\t... 106 more\r\n\tSuppressed: Element should not exist (because Элемент (всего таких: 1) \"One Plus 10T 5G 16/256 Green EU Global Version\" не соответствует фильтру \"Производитель\". Слова проверки: [Google, Seals, OnePlus, ASUS, Black Shark, Apple]) {By.xpath: //*[@id='searchResults']//*[@data-auto='snippet-title-header'].filter(not one of texts \"[Google, Seals, OnePlus, ASUS, Black Shark, Apple]\")[0]}\r\nElement: '<h3 class=\"f0MCF _2tgvL mhXcs cia-cs\" data-auto=\"snippet-title-header\" data-baobab-name=\"title\" data-node-id=\"bviqhs\" data-zone-name=\"title\">One Plus 10T 5G 16/256 Green EU Global Version</h3>'\r\nActual value: exists\r\nScreenshot: file:/C:/Users/Admin/IdeaProjects/SelenideTestCase/build/reports/tests/1700518571140.1.png\r\nPage source: file:/C:/Users/Admin/IdeaProjects/SelenideTestCase/build/reports/tests/1700518571140.1.html\r\nTimeout: 0 ms.\r\n\t\tat com.codeborne.selenide.impl.WebElementSource.handleError(WebElementSource.java:146)\r\n\t\tat com.codeborne.selenide.impl.WebElementSource.checkConditionAndReturnElement(WebElementSource.java:127)\r\n\t\tat com.codeborne.selenide.impl.WebElementSource.checkCondition(WebElementSource.java:104)\r\n\t\tat com.codeborne.selenide.commands.ShouldNot.execute(ShouldNot.java:30)\r\n\t\tat com.codeborne.selenide.commands.ShouldNot.execute(ShouldNot.java:14)\r\n\t\tat com.codeborne.selenide.commands.Commands.execute(Commands.java:163)\r\n\t\tat com.codeborne.selenide.impl.SelenideElementProxy.dispatchAndRetry(SelenideElementProxy.java:132)\r\n\t\tat com.codeborne.selenide.impl.SelenideElementProxy.invoke(SelenideElementProxy.java:84)\r\n\t\tat jdk.proxy2/jdk.proxy2.$Proxy31.shouldNot(Unknown Source)\r\n\t\tat helpers.PageableChecker.lambda$processPageCheck$1(PageableChecker.java:69)\r\n\t\tat helpers.AllureCustom.lambda$stepSoftAssert$3(AllureCustom.java:40)\r\n\t\tat io.qameta.allure.Allure.lambda$step$0(Allure.java:113)\r\n\t\tat io.qameta.allure.Allure.lambda$step$1(Allure.java:127)\r\n\t\tat io.qameta.allure.Allure.step(Allure.java:181)\r\n\t\tat io.qameta.allure.Allure.step(Allure.java:125)\r\n\t\tat io.qameta.allure.Allure.step(Allure.java:112)\r\n\t\tat helpers.AllureCustom.stepSoftAssert(AllureCustom.java:37)\r\n\t\tat helpers.PageableChecker.processPageCheck(PageableChecker.java:67)\r\n\t\tat io.qameta.allure.Allure.lambda$step$0(Allure.java:113)\r\n\t\tat io.qameta.allure.Allure.lambda$step$1(Allure.java:127)\r\n\t\tat io.qameta.allure.Allure.step(Allure.java:181)\r\n\t\tat io.qameta.allure.Allure.step(Allure.java:125)\r\n\t\tat io.qameta.allure.Allure.step(Allure.java:112)\r\n\t\tat helpers.PageableChecker.lambda$start$0(PageableChecker.java:49)\r\n\t\tat io.qameta.allure.Allure.lambda$step$0(Allure.java:113)\r\n\t\tat io.qameta.allure.Allure.lambda$step$1(Allure.java:127)\r\n\t\tat io.qameta.allure.Allure.step(Allure.java:181)\r\n\t\tat io.qameta.allure.Allure.step(Allure.java:125)\r\n\t\tat io.qameta.allure.Allure.step(Allure.java:112)\r\n\t\tat helpers.PageableChecker.start(PageableChecker.java:39)\r\n\t\tat ru.bellintegrator.ru.yandex.market.MarketTest.marketTest(MarketTest.java:62)\r\n\t\tat java.base/jdk.internal.reflect.NativeMethodAccessorImpl.invoke0(Native Method)\r\n\t\tat java.base/jdk.internal.reflect.NativeMethodAccessorImpl.invoke(NativeMethodAccessorImpl.java:77)\r\n\t\tat java.base/jdk.internal.reflect.DelegatingMethodAccessorImpl.invoke(DelegatingMethodAccessorImpl.java:43)\r\n\t\tat java.base/java.lang.reflect.Method.invoke(Method.java:568)\r\n\t\tat org.junit.platform.commons.util.ReflectionUtils.invokeMethod(ReflectionUtils.java:688)\r\n\t\tat org.junit.jupiter.engine.execution.MethodInvocation.proceed(MethodInvocation.java:60)\r\n\t\tat org.junit.jupiter.engine.execution.InvocationInterceptorChain$ValidatingInvocation.proceed(InvocationInterceptorChain.java:131)\r\n\t\tat org.junit.jupiter.engine.extension.TimeoutExtension.intercept(TimeoutExtension.java:149)\r\n\t\tat org.junit.jupiter.engine.extension.TimeoutExtension.interceptTestableMethod(TimeoutExtension.java:140)\r\n\t\tat org.junit.jupiter.engine.extension.TimeoutExtension.interceptTestTemplateMethod(TimeoutExtension.java:92)\r\n\t\tat org.junit.jupiter.engine.execution.ExecutableInvoker$ReflectiveInterceptorCall.lambda$ofVoidMethod$0(ExecutableInvoker.java:115)\r\n\t\tat org.junit.jupiter.engine.execution.ExecutableInvoker.lambda$invoke$0(ExecutableInvoker.java:105)\r\n\t\tat org.junit.jupiter.engine.execution.InvocationInterceptorChain$InterceptedInvocation.proceed(InvocationInterceptorChain.java:106)\r\n\t\tat org.junit.jupiter.engine.execution.InvocationInterceptorChain.proceed(InvocationInterceptorChain.java:64)\r\n\t\tat org.junit.jupiter.engine.execution.InvocationInterceptorChain.chainAndInvoke(InvocationInterceptorChain.java:45)\r\n\t\tat org.junit.jupiter.engine.execution.InvocationInterceptorChain.invoke(InvocationInterceptorChain.java:37)\r\n\t\tat org.junit.jupiter.engine.execution.ExecutableInvoker.invoke(ExecutableInvoker.java:104)\r\n\t\tat org.junit.jupiter.engine.execution.ExecutableInvoker.invoke(ExecutableInvoker.java:98)\r\n\t\tat org.junit.jupiter.engine.descriptor.TestMethodTestDescriptor.lambda$invokeTestMethod$6(TestMethodTestDescriptor.java:212)\r\n\t\tat org.junit.platform.engine.support.hierarchical.ThrowableCollector.execute(ThrowableCollector.java:73)\r\n\t\tat org.junit.jupiter.engine.descriptor.TestMethodTestDescriptor.invokeTestMethod(TestMethodTestDescriptor.java:208)\r\n\t\tat org.junit.jupiter.engine.descriptor.TestMethodTestDescriptor.execute(TestMethodTestDescriptor.java:137)\r\n\t\t... 106 more\r\n","flaky":false,"newFailed":false,"newBroken":false,"newPassed":false,"retriesCount":0,"retriesStatusChange":false,"beforeStages":[],"testStage":{"description":"","status":"failed","statusMessage":"Test [1]: https://ya.ru/, Маркет, Электроника, Смартфоны, {Производитель=[Google, Seals, OnePlus, ASUS, Black Shark, Apple]}, {Производитель=[Google, Seals, OnePlus, ASUS, Black Shark, Apple]} failed (2 failures)\r\n\tcom.codeborne.selenide.ex.ElementShouldNot: Element should not exist (because Элемент (всего таких: 1) \"IPhone 14\" не соответствует фильтру \"Производитель\". Слова проверки: [Google, Seals, OnePlus, ASUS, Black Shark, Apple]) {By.xpath: //*[@id='searchResults']//*[@data-auto='snippet-title-header'].filter(not one of texts \"[Google, Seals, OnePlus, ASUS, Black Shark, Apple]\")[0]}\r\nElement: '<h3 class=\"f0MCF _2tgvL mhXcs cia-cs\" data-auto=\"snippet-title-header\" data-baobab-name=\"title\" data-node-id=\"bviq3k\" data-zone-name=\"title\">IPhone 14</h3>'\r\nActual value: exists\r\nScreenshot: file:/C:/Users/Admin/IdeaProjects/SelenideTestCase/build/reports/tests/1700518563184.0.png\r\nPage source: file:/C:/Users/Admin/IdeaProjects/SelenideTestCase/build/reports/tests/1700518563184.0.html\r\nTimeout: 0 ms.\r\n\tcom.codeborne.selenide.ex.ElementShouldNot: Element should not exist (because Элемент (всего таких: 1) \"One Plus 10T 5G 16/256 Green EU Global Version\" не соответствует фильтру \"Производитель\". Слова проверки: [Google, Seals, OnePlus, ASUS, Black Shark, Apple]) {By.xpath: //*[@id='searchResults']//*[@data-auto='snippet-title-header'].filter(not one of texts \"[Google, Seals, OnePlus, ASUS, Black Shark, Apple]\")[0]}\r\nElement: '<h3 class=\"f0MCF _2tgvL mhXcs cia-cs\" data-auto=\"snippet-title-header\" data-baobab-name=\"title\" data-node-id=\"bviqhs\" data-zone-name=\"title\">One Plus 10T 5G 16/256 Green EU Global Version</h3>'\r\nActual value: exists\r\nScreenshot: file:/C:/Users/Admin/IdeaProjects/SelenideTestCase/build/reports/tests/1700518571140.1.png\r\nPage source: file:/C:/Users/Admin/IdeaProjects/SelenideTestCase/build/reports/tests/1700518571140.1.html\r\nTimeout: 0 ms.","statusTrace":"com.codeborne.selenide.ex.SoftAssertionError: Test [1]: https://ya.ru/, Маркет, Электроника, Смартфоны, {Производитель=[Google, Seals, OnePlus, ASUS, Black Shark, Apple]}, {Производитель=[Google, Seals, OnePlus, ASUS, Black Shark, Apple]} failed (2 failures)\r\n\tcom.codeborne.selenide.ex.ElementShouldNot: Element should not exist (because Элемент (всего таких: 1) \"IPhone 14\" не соответствует фильтру \"Производитель\". Слова проверки: [Google, Seals, OnePlus, ASUS, Black Shark, Apple]) {By.xpath: //*[@id='searchResults']//*[@data-auto='snippet-title-header'].filter(not one of texts \"[Google, Seals, OnePlus, ASUS, Black Shark, Apple]\")[0]}\r\nElement: '<h3 class=\"f0MCF _2tgvL mhXcs cia-cs\" data-auto=\"snippet-title-header\" data-baobab-name=\"title\" data-node-id=\"bviq3k\" data-zone-name=\"title\">IPhone 14</h3>'\r\nActual value: exists\r\nScreenshot: file:/C:/Users/Admin/IdeaProjects/SelenideTestCase/build/reports/tests/1700518563184.0.png\r\nPage source: file:/C:/Users/Admin/IdeaProjects/SelenideTestCase/build/reports/tests/1700518563184.0.html\r\nTimeout: 0 ms.\r\n\tcom.codeborne.selenide.ex.ElementShouldNot: Element should not exist (because Элемент (всего таких: 1) \"One Plus 10T 5G 16/256 Green EU Global Version\" не соответствует фильтру \"Производитель\". Слова проверки: [Google, Seals, OnePlus, ASUS, Black Shark, Apple]) {By.xpath: //*[@id='searchResults']//*[@data-auto='snippet-title-header'].filter(not one of texts \"[Google, Seals, OnePlus, ASUS, Black Shark, Apple]\")[0]}\r\nElement: '<h3 class=\"f0MCF _2tgvL mhXcs cia-cs\" data-auto=\"snippet-title-header\" data-baobab-name=\"title\" data-node-id=\"bviqhs\" data-zone-name=\"title\">One Plus 10T 5G 16/256 Green EU Global Version</h3>'\r\nActual value: exists\r\nScreenshot: file:/C:/Users/Admin/IdeaProjects/SelenideTestCase/build/reports/tests/1700518571140.1.png\r\nPage source: file:/C:/Users/Admin/IdeaProjects/SelenideTestCase/build/reports/tests/1700518571140.1.html\r\nTimeout: 0 ms.\r\n\tat com.codeborne.selenide.logevents.ErrorsCollector.cleanAndGetAssertionError(ErrorsCollector.java:64)\r\n\tat com.codeborne.selenide.logevents.ErrorsCollector.cleanAndThrowAssertionError(ErrorsCollector.java:70)\r\n\tat com.codeborne.selenide.junit5.SoftAssertsExtension.lambda$afterEach$3(SoftAssertsExtension.java:72)\r\n\tat java.base/java.util.Optional.ifPresent(Optional.java:178)\r\n\tat com.codeborne.selenide.junit5.SoftAssertsExtension.afterEach(SoftAssertsExtension.java:71)\r\n\tat org.junit.jupiter.engine.descriptor.TestMethodTestDescriptor.lambda$invokeAfterEachCallbacks$11(TestMethodTestDescriptor.java:255)\r\n\tat org.junit.jupiter.engine.descriptor.TestMethodTestDescriptor.lambda$invokeAllAfterMethodsOrCallbacks$12(TestMethodTestDescriptor.java:271)\r\n\tat org.junit.platform.engine.support.hierarchical.ThrowableCollector.execute(ThrowableCollector.java:73)\r\n\tat org.junit.jupiter.engine.descriptor.TestMethodTestDescriptor.lambda$invokeAllAfterMethodsOrCallbacks$13(TestMethodTestDescriptor.java:271)\r\n\tat java.base/java.util.ArrayList.forEach(ArrayList.java:1511)\r\n\tat org.junit.jupiter.engine.descriptor.TestMethodTestDescriptor.invokeAllAfterMethodsOrCallbacks(TestMethodTestDescriptor.java:270)\r\n\tat org.junit.jupiter.engine.descriptor.TestMethodTestDescriptor.invokeAfterEachCallbacks(TestMethodTestDescriptor.java:254)\r\n\tat org.junit.jupiter.engine.descriptor.TestMethodTestDescriptor.execute(TestMethodTestDescriptor.java:143)\r\n\tat org.junit.jupiter.engine.descriptor.TestMethodTestDescriptor.execute(TestMethodTestDescriptor.java:71)\r\n\tat org.junit.platform.engine.support.hierarchical.NodeTestTask.lambda$executeRecursively$5(NodeTestTask.java:139)\r\n\tat org.junit.platform.engine.support.hierarchical.ThrowableCollector.execute(ThrowableCollector.java:73)\r\n\tat org.junit.platform.engine.support.hierarchical.NodeTestTask.lambda$executeRecursively$7(NodeTestTask.java:129)\r\n\tat org.junit.platform.engine.support.hierarchical.Node.around(Node.java:137)\r\n\tat org.junit.platform.engine.support.hierarchical.NodeTestTask.lambda$executeRecursively$8(NodeTestTask.java:127)\r\n\tat org.junit.platform.engine.support.hierarchical.ThrowableCollector.execute(ThrowableCollector.java:73)\r\n\tat org.junit.platform.engine.support.hierarchical.NodeTestTask.executeRecursively(NodeTestTask.java:126)\r\n\tat org.junit.platform.engine.support.hierarchical.NodeTestTask.execute(NodeTestTask.java:84)\r\n\tat org.junit.platform.engine.support.hierarchical.SameThreadHierarchicalTestExecutorService.submit(SameThreadHierarchicalTestExecutorService.java:32)\r\n\tat org.junit.platform.engine.support.hierarchical.NodeTestTask$DefaultDynamicTestExecutor.execute(NodeTestTask.java:212)\r\n\tat org.junit.platform.engine.support.hierarchical.NodeTestTask$DefaultDynamicTestExecutor.execute(NodeTestTask.java:192)\r\n\tat org.junit.jupiter.engine.descriptor.TestTemplateTestDescriptor.execute(TestTemplateTestDescriptor.java:139)\r\n\tat org.junit.jupiter.engine.descriptor.TestTemplateTestDescriptor.lambda$execute$2(TestTemplateTestDescriptor.java:107)\r\n\tat java.base/java.util.stream.ForEachOps$ForEachOp$OfRef.accept(ForEachOps.java:183)\r\n\tat java.base/java.util.stream.ReferencePipeline$3$1.accept(ReferencePipeline.java:197)\r\n\tat java.base/java.util.stream.ReferencePipeline$2$1.accept(ReferencePipeline.java:179)\r\n\tat java.base/java.util.stream.ReferencePipeline$3$1.accept(ReferencePipeline.java:197)\r\n\tat java.base/java.util.stream.ForEachOps$ForEachOp$OfRef.accept(ForEachOps.java:183)\r\n\tat java.base/java.util.stream.ReferencePipeline$15$1.accept(ReferencePipeline.java:541)\r\n\tat java.base/java.util.stream.ReferencePipeline$3$1.accept(ReferencePipeline.java:197)\r\n\tat java.base/java.util.stream.ReferencePipeline$3$1.accept(ReferencePipeline.java:197)\r\n\tat java.base/java.util.stream.ReferencePipeline$3$1.accept(ReferencePipeline.java:197)\r\n\tat java.base/java.util.stream.ForEachOps$ForEachOp$OfRef.accept(ForEachOps.java:183)\r\n\tat java.base/java.util.stream.ReferencePipeline$3$1.accept(ReferencePipeline.java:197)\r\n\tat java.base/java.util.Spliterators$ArraySpliterator.forEachRemaining(Spliterators.java:992)\r\n\tat java.base/java.util.stream.ReferencePipeline$Head.forEach(ReferencePipeline.java:762)\r\n\tat java.base/java.util.stream.ReferencePipeline$7$1.accept(ReferencePipeline.java:276)\r\n\tat java.base/java.util.stream.ReferencePipeline$3$1.accept(ReferencePipeline.java:197)\r\n\tat java.base/java.util.stream.ReferencePipeline$3$1.accept(ReferencePipeline.java:197)\r\n\tat java.base/java.util.Spliterators$ArraySpliterator.forEachRemaining(Spliterators.java:992)\r\n\tat java.base/java.util.stream.AbstractPipeline.copyInto(AbstractPipeline.java:509)\r\n\tat java.base/java.util.stream.AbstractPipeline.wrapAndCopyInto(AbstractPipeline.java:499)\r\n\tat java.base/java.util.stream.ForEachOps$ForEachOp.evaluateSequential(ForEachOps.java:150)\r\n\tat java.base/java.util.stream.ForEachOps$ForEachOp$OfRef.evaluateSequential(ForEachOps.java:173)\r\n\tat java.base/java.util.stream.AbstractPipeline.evaluate(AbstractPipeline.java:234)\r\n\tat java.base/java.util.stream.ReferencePipeline.forEach(ReferencePipeline.java:596)\r\n\tat java.base/java.util.stream.ReferencePipeline$7$1.accept(ReferencePipeline.java:276)\r\n\tat java.base/java.util.stream.ReferencePipeline$3$1.accept(ReferencePipeline.java:197)\r\n\tat java.base/java.util.stream.ReferencePipeline$3$1.accept(ReferencePipeline.java:197)\r\n\tat java.base/java.util.stream.ReferencePipeline$3$1.accept(ReferencePipeline.java:197)\r\n\tat java.base/java.util.ArrayList$ArrayListSpliterator.forEachRemaining(ArrayList.java:1625)\r\n\tat java.base/java.util.stream.AbstractPipeline.copyInto(AbstractPipeline.java:509)\r\n\tat java.base/java.util.stream.AbstractPipeline.wrapAndCopyInto(AbstractPipeline.java:499)\r\n\tat java.base/java.util.stream.ForEachOps$ForEachOp.evaluateSequential(ForEachOps.java:150)\r\n\tat java.base/java.util.stream.ForEachOps$ForEachOp$OfRef.evaluateSequential(ForEachOps.java:173)\r\n\tat java.base/java.util.stream.AbstractPipeline.evaluate(AbstractPipeline.java:234)\r\n\tat java.base/java.util.stream.ReferencePipeline.forEach(ReferencePipeline.java:596)\r\n\tat java.base/java.util.stream.ReferencePipeline$7$1.accept(ReferencePipeline.java:276)\r\n\tat java.base/java.util.ArrayList$ArrayListSpliterator.forEachRemaining(ArrayList.java:1625)\r\n\tat java.base/java.util.stream.AbstractPipeline.copyInto(AbstractPipeline.java:509)\r\n\tat java.base/java.util.stream.AbstractPipeline.wrapAndCopyInto(AbstractPipeline.java:499)\r\n\tat java.base/java.util.stream.ForEachOps$ForEachOp.evaluateSequential(ForEachOps.java:150)\r\n\tat java.base/java.util.stream.ForEachOps$ForEachOp$OfRef.evaluateSequential(ForEachOps.java:173)\r\n\tat java.base/java.util.stream.AbstractPipeline.evaluate(AbstractPipeline.java:234)\r\n\tat java.base/java.util.stream.ReferencePipeline.forEach(ReferencePipeline.java:596)\r\n\tat org.junit.jupiter.engine.descriptor.TestTemplateTestDescriptor.execute(TestTemplateTestDescriptor.java:107)\r\n\tat org.junit.jupiter.engine.descriptor.TestTemplateTestDescriptor.execute(TestTemplateTestDescriptor.java:42)\r\n\tat org.junit.platform.engine.support.hierarchical.NodeTestTask.lambda$executeRecursively$5(NodeTestTask.java:139)\r\n\tat org.junit.platform.engine.support.hierarchical.ThrowableCollector.execute(ThrowableCollector.java:73)\r\n\tat org.junit.platform.engine.support.hierarchical.NodeTestTask.lambda$executeRecursively$7(NodeTestTask.java:129)\r\n\tat org.junit.platform.engine.support.hierarchical.Node.around(Node.java:137)\r\n\tat org.junit.platform.engine.support.hierarchical.NodeTestTask.lambda$executeRecursively$8(NodeTestTask.java:127)\r\n\tat org.junit.platform.engine.support.hierarchical.ThrowableCollector.execute(ThrowableCollector.java:73)\r\n\tat org.junit.platform.engine.support.hierarchical.NodeTestTask.executeRecursively(NodeTestTask.java:126)\r\n\tat org.junit.platform.engine.support.hierarchical.NodeTestTask.execute(NodeTestTask.java:84)\r\n\tat java.base/java.util.ArrayList.forEach(ArrayList.java:1511)\r\n\tat org.junit.platform.engine.support.hierarchical.SameThreadHierarchicalTestExecutorService.invokeAll(SameThreadHierarchicalTestExecutorService.java:38)\r\n\tat org.junit.platform.engine.support.hierarchical.NodeTestTask.lambda$executeRecursively$5(NodeTestTask.java:143)\r\n\tat org.junit.platform.engine.support.hierarchical.ThrowableCollector.execute(ThrowableCollector.java:73)\r\n\tat org.junit.platform.engine.support.hierarchical.NodeTestTask.lambda$executeRecursively$7(NodeTestTask.java:129)\r\n\tat org.junit.platform.engine.support.hierarchical.Node.around(Node.java:137)\r\n\tat org.junit.platform.engine.support.hierarchical.NodeTestTask.lambda$executeRecursively$8(NodeTestTask.java:127)\r\n\tat org.junit.platform.engine.support.hierarchical.ThrowableCollector.execute(ThrowableCollector.java:73)\r\n\tat org.junit.platform.engine.support.hierarchical.NodeTestTask.executeRecursively(NodeTestTask.java:126)\r\n\tat org.junit.platform.engine.support.hierarchical.NodeTestTask.execute(NodeTestTask.java:84)\r\n\tat java.base/java.util.ArrayList.forEach(ArrayList.java:1511)\r\n\tat org.junit.platform.engine.support.hierarchical.SameThreadHierarchicalTestExecutorService.invokeAll(SameThreadHierarchicalTestExecutorService.java:38)\r\n\tat org.junit.platform.engine.support.hierarchical.NodeTestTask.lambda$executeRecursively$5(NodeTestTask.java:143)\r\n\tat org.junit.platform.engine.support.hierarchical.ThrowableCollector.execute(ThrowableCollector.java:73)\r\n\tat org.junit.platform.engine.support.hierarchical.NodeTestTask.lambda$executeRecursively$7(NodeTestTask.java:129)\r\n\tat org.junit.platform.engine.support.hierarchical.Node.around(Node.java:137)\r\n\tat org.junit.platform.engine.support.hierarchical.NodeTestTask.lambda$executeRecursively$8(NodeTestTask.java:127)\r\n\tat org.junit.platform.engine.support.hierarchical.ThrowableCollector.execute(ThrowableCollector.java:73)\r\n\tat org.junit.platform.engine.support.hierarchical.NodeTestTask.executeRecursively(NodeTestTask.java:126)\r\n\tat org.junit.platform.engine.support.hierarchical.NodeTestTask.execute(NodeTestTask.java:84)\r\n\tat org.junit.platform.engine.support.hierarchical.SameThreadHierarchicalTestExecutorService.submit(SameThreadHierarchicalTestExecutorService.java:32)\r\n\tat org.junit.platform.engine.support.hierarchical.HierarchicalTestExecutor.execute(HierarchicalTestExecutor.java:57)\r\n\tat org.junit.platform.engine.support.hierarchical.HierarchicalTestEngine.execute(HierarchicalTestEngine.java:51)\r\n\tat org.junit.platform.launcher.core.EngineExecutionOrchestrator.execute(EngineExecutionOrchestrator.java:147)\r\n\tat org.junit.platform.launcher.core.EngineExecutionOrchestrator.execute(EngineExecutionOrchestrator.java:127)\r\n\tat org.junit.platform.launcher.core.EngineExecutionOrchestrator.execute(EngineExecutionOrchestrator.java:90)\r\n\tat org.junit.platform.launcher.core.EngineExecutionOrchestrator.lambda$execute$0(EngineExecutionOrchestrator.java:55)\r\n\tat org.junit.platform.launcher.core.EngineExecutionOrchestrator.withInterceptedStreams(EngineExecutionOrchestrator.java:102)\r\n\tat org.junit.platform.launcher.core.EngineExecutionOrchestrator.execute(EngineExecutionOrchestrator.java:54)\r\n\tat org.junit.platform.launcher.core.DefaultLauncher.execute(DefaultLauncher.java:114)\r\n\tat org.junit.platform.launcher.core.DefaultLauncher.execute(DefaultLauncher.java:86)\r\n\tat org.junit.platform.launcher.core.DefaultLauncherSession$DelegatingLauncher.execute(DefaultLauncherSession.java:86)\r\n\tat org.apache.maven.surefire.junitplatform.LazyLauncher.execute(LazyLauncher.java:56)\r\n\tat org.apache.maven.surefire.junitplatform.JUnitPlatformProvider.execute(JUnitPlatformProvider.java:184)\r\n\tat org.apache.maven.surefire.junitplatform.JUnitPlatformProvider.invokeAllTests(JUnitPlatformProvider.java:148)\r\n\tat org.apache.maven.surefire.junitplatform.JUnitPlatformProvider.invoke(JUnitPlatformProvider.java:122)\r\n\tat org.apache.maven.surefire.booter.ForkedBooter.runSuitesInProcess(ForkedBooter.java:385)\r\n\tat org.apache.maven.surefire.booter.ForkedBooter.execute(ForkedBooter.java:162)\r\n\tat org.apache.maven.surefire.booter.ForkedBooter.run(ForkedBooter.java:507)\r\n\tat org.apache.maven.surefire.booter.ForkedBooter.main(ForkedBooter.java:495)\r\n\tSuppressed: Element should not exist (because Элемент (всего таких: 1) \"IPhone 14\" не соответствует фильтру \"Производитель\". Слова проверки: [Google, Seals, OnePlus, ASUS, Black Shark, Apple]) {By.xpath: //*[@id='searchResults']//*[@data-auto='snippet-title-header'].filter(not one of texts \"[Google, Seals, OnePlus, ASUS, Black Shark, Apple]\")[0]}\r\nElement: '<h3 class=\"f0MCF _2tgvL mhXcs cia-cs\" data-auto=\"snippet-title-header\" data-baobab-name=\"title\" data-node-id=\"bviq3k\" data-zone-name=\"title\">IPhone 14</h3>'\r\nActual value: exists\r\nScreenshot: file:/C:/Users/Admin/IdeaProjects/SelenideTestCase/build/reports/tests/1700518563184.0.png\r\nPage source: file:/C:/Users/Admin/IdeaProjects/SelenideTestCase/build/reports/tests/1700518563184.0.html\r\nTimeout: 0 ms.\r\n\t\tat com.codeborne.selenide.impl.WebElementSource.handleError(WebElementSource.java:146)\r\n\t\tat com.codeborne.selenide.impl.WebElementSource.checkConditionAndReturnElement(WebElementSource.java:127)\r\n\t\tat com.codeborne.selenide.impl.WebElementSource.checkCondition(WebElementSource.java:104)\r\n\t\tat com.codeborne.selenide.commands.ShouldNot.execute(ShouldNot.java:30)\r\n\t\tat com.codeborne.selenide.commands.ShouldNot.execute(ShouldNot.java:14)\r\n\t\tat com.codeborne.selenide.commands.Commands.execute(Commands.java:163)\r\n\t\tat com.codeborne.selenide.impl.SelenideElementProxy.dispatchAndRetry(SelenideElementProxy.java:132)\r\n\t\tat com.codeborne.selenide.impl.SelenideElementProxy.invoke(SelenideElementProxy.java:84)\r\n\t\tat jdk.proxy2/jdk.proxy2.$Proxy31.shouldNot(Unknown Source)\r\n\t\tat helpers.PageableChecker.lambda$processPageCheck$1(PageableChecker.java:69)\r\n\t\tat helpers.AllureCustom.lambda$stepSoftAssert$3(AllureCustom.java:40)\r\n\t\tat io.qameta.allure.Allure.lambda$step$0(Allure.java:113)\r\n\t\tat io.qameta.allure.Allure.lambda$step$1(Allure.java:127)\r\n\t\tat io.qameta.allure.Allure.step(Allure.java:181)\r\n\t\tat io.qameta.allure.Allure.step(Allure.java:125)\r\n\t\tat io.qameta.allure.Allure.step(Allure.java:112)\r\n\t\tat helpers.AllureCustom.stepSoftAssert(AllureCustom.java:37)\r\n\t\tat helpers.PageableChecker.processPageCheck(PageableChecker.java:67)\r\n\t\tat io.qameta.allure.Allure.lambda$step$0(Allure.java:113)\r\n\t\tat io.qameta.allure.Allure.lambda$step$1(Allure.java:127)\r\n\t\tat io.qameta.allure.Allure.step(Allure.java:181)\r\n\t\tat io.qameta.allure.Allure.step(Allure.java:125)\r\n\t\tat io.qameta.allure.Allure.step(Allure.java:112)\r\n\t\tat helpers.PageableChecker.lambda$start$0(PageableChecker.java:49)\r\n\t\tat io.qameta.allure.Allure.lambda$step$0(Allure.java:113)\r\n\t\tat io.qameta.allure.Allure.lambda$step$1(Allure.java:127)\r\n\t\tat io.qameta.allure.Allure.step(Allure.java:181)\r\n\t\tat io.qameta.allure.Allure.step(Allure.java:125)\r\n\t\tat io.qameta.allure.Allure.step(Allure.java:112)\r\n\t\tat helpers.PageableChecker.start(PageableChecker.java:39)\r\n\t\tat ru.bellintegrator.ru.yandex.market.MarketTest.marketTest(MarketTest.java:62)\r\n\t\tat java.base/jdk.internal.reflect.NativeMethodAccessorImpl.invoke0(Native Method)\r\n\t\tat java.base/jdk.internal.reflect.NativeMethodAccessorImpl.invoke(NativeMethodAccessorImpl.java:77)\r\n\t\tat java.base/jdk.internal.reflect.DelegatingMethodAccessorImpl.invoke(DelegatingMethodAccessorImpl.java:43)\r\n\t\tat java.base/java.lang.reflect.Method.invoke(Method.java:568)\r\n\t\tat org.junit.platform.commons.util.ReflectionUtils.invokeMethod(ReflectionUtils.java:688)\r\n\t\tat org.junit.jupiter.engine.execution.MethodInvocation.proceed(MethodInvocation.java:60)\r\n\t\tat org.junit.jupiter.engine.execution.InvocationInterceptorChain$ValidatingInvocation.proceed(InvocationInterceptorChain.java:131)\r\n\t\tat org.junit.jupiter.engine.extension.TimeoutExtension.intercept(TimeoutExtension.java:149)\r\n\t\tat org.junit.jupiter.engine.extension.TimeoutExtension.interceptTestableMethod(TimeoutExtension.java:140)\r\n\t\tat org.junit.jupiter.engine.extension.TimeoutExtension.interceptTestTemplateMethod(TimeoutExtension.java:92)\r\n\t\tat org.junit.jupiter.engine.execution.ExecutableInvoker$ReflectiveInterceptorCall.lambda$ofVoidMethod$0(ExecutableInvoker.java:115)\r\n\t\tat org.junit.jupiter.engine.execution.ExecutableInvoker.lambda$invoke$0(ExecutableInvoker.java:105)\r\n\t\tat org.junit.jupiter.engine.execution.InvocationInterceptorChain$InterceptedInvocation.proceed(InvocationInterceptorChain.java:106)\r\n\t\tat org.junit.jupiter.engine.execution.InvocationInterceptorChain.proceed(InvocationInterceptorChain.java:64)\r\n\t\tat org.junit.jupiter.engine.execution.InvocationInterceptorChain.chainAndInvoke(InvocationInterceptorChain.java:45)\r\n\t\tat org.junit.jupiter.engine.execution.InvocationInterceptorChain.invoke(InvocationInterceptorChain.java:37)\r\n\t\tat org.junit.jupiter.engine.execution.ExecutableInvoker.invoke(ExecutableInvoker.java:104)\r\n\t\tat org.junit.jupiter.engine.execution.ExecutableInvoker.invoke(ExecutableInvoker.java:98)\r\n\t\tat org.junit.jupiter.engine.descriptor.TestMethodTestDescriptor.lambda$invokeTestMethod$6(TestMethodTestDescriptor.java:212)\r\n\t\tat org.junit.platform.engine.support.hierarchical.ThrowableCollector.execute(ThrowableCollector.java:73)\r\n\t\tat org.junit.jupiter.engine.descriptor.TestMethodTestDescriptor.invokeTestMethod(TestMethodTestDescriptor.java:208)\r\n\t\tat org.junit.jupiter.engine.descriptor.TestMethodTestDescriptor.execute(TestMethodTestDescriptor.java:137)\r\n\t\t... 106 more\r\n\tSuppressed: Element should not exist (because Элемент (всего таких: 1) \"One Plus 10T 5G 16/256 Green EU Global Version\" не соответствует фильтру \"Производитель\". Слова проверки: [Google, Seals, OnePlus, ASUS, Black Shark, Apple]) {By.xpath: //*[@id='searchResults']//*[@data-auto='snippet-title-header'].filter(not one of texts \"[Google, Seals, OnePlus, ASUS, Black Shark, Apple]\")[0]}\r\nElement: '<h3 class=\"f0MCF _2tgvL mhXcs cia-cs\" data-auto=\"snippet-title-header\" data-baobab-name=\"title\" data-node-id=\"bviqhs\" data-zone-name=\"title\">One Plus 10T 5G 16/256 Green EU Global Version</h3>'\r\nActual value: exists\r\nScreenshot: file:/C:/Users/Admin/IdeaProjects/SelenideTestCase/build/reports/tests/1700518571140.1.png\r\nPage source: file:/C:/Users/Admin/IdeaProjects/SelenideTestCase/build/reports/tests/1700518571140.1.html\r\nTimeout: 0 ms.\r\n\t\tat com.codeborne.selenide.impl.WebElementSource.handleError(WebElementSource.java:146)\r\n\t\tat com.codeborne.selenide.impl.WebElementSource.checkConditionAndReturnElement(WebElementSource.java:127)\r\n\t\tat com.codeborne.selenide.impl.WebElementSource.checkCondition(WebElementSource.java:104)\r\n\t\tat com.codeborne.selenide.commands.ShouldNot.execute(ShouldNot.java:30)\r\n\t\tat com.codeborne.selenide.commands.ShouldNot.execute(ShouldNot.java:14)\r\n\t\tat com.codeborne.selenide.commands.Commands.execute(Commands.java:163)\r\n\t\tat com.codeborne.selenide.impl.SelenideElementProxy.dispatchAndRetry(SelenideElementProxy.java:132)\r\n\t\tat com.codeborne.selenide.impl.SelenideElementProxy.invoke(SelenideElementProxy.java:84)\r\n\t\tat jdk.proxy2/jdk.proxy2.$Proxy31.shouldNot(Unknown Source)\r\n\t\tat helpers.PageableChecker.lambda$processPageCheck$1(PageableChecker.java:69)\r\n\t\tat helpers.AllureCustom.lambda$stepSoftAssert$3(AllureCustom.java:40)\r\n\t\tat io.qameta.allure.Allure.lambda$step$0(Allure.java:113)\r\n\t\tat io.qameta.allure.Allure.lambda$step$1(Allure.java:127)\r\n\t\tat io.qameta.allure.Allure.step(Allure.java:181)\r\n\t\tat io.qameta.allure.Allure.step(Allure.java:125)\r\n\t\tat io.qameta.allure.Allure.step(Allure.java:112)\r\n\t\tat helpers.AllureCustom.stepSoftAssert(AllureCustom.java:37)\r\n\t\tat helpers.PageableChecker.processPageCheck(PageableChecker.java:67)\r\n\t\tat io.qameta.allure.Allure.lambda$step$0(Allure.java:113)\r\n\t\tat io.qameta.allure.Allure.lambda$step$1(Allure.java:127)\r\n\t\tat io.qameta.allure.Allure.step(Allure.java:181)\r\n\t\tat io.qameta.allure.Allure.step(Allure.java:125)\r\n\t\tat io.qameta.allure.Allure.step(Allure.java:112)\r\n\t\tat helpers.PageableChecker.lambda$start$0(PageableChecker.java:49)\r\n\t\tat io.qameta.allure.Allure.lambda$step$0(Allure.java:113)\r\n\t\tat io.qameta.allure.Allure.lambda$step$1(Allure.java:127)\r\n\t\tat io.qameta.allure.Allure.step(Allure.java:181)\r\n\t\tat io.qameta.allure.Allure.step(Allure.java:125)\r\n\t\tat io.qameta.allure.Allure.step(Allure.java:112)\r\n\t\tat helpers.PageableChecker.start(PageableChecker.java:39)\r\n\t\tat ru.bellintegrator.ru.yandex.market.MarketTest.marketTest(MarketTest.java:62)\r\n\t\tat java.base/jdk.internal.reflect.NativeMethodAccessorImpl.invoke0(Native Method)\r\n\t\tat java.base/jdk.internal.reflect.NativeMethodAccessorImpl.invoke(NativeMethodAccessorImpl.java:77)\r\n\t\tat java.base/jdk.internal.reflect.DelegatingMethodAccessorImpl.invoke(DelegatingMethodAccessorImpl.java:43)\r\n\t\tat java.base/java.lang.reflect.Method.invoke(Method.java:568)\r\n\t\tat org.junit.platform.commons.util.ReflectionUtils.invokeMethod(ReflectionUtils.java:688)\r\n\t\tat org.junit.jupiter.engine.execution.MethodInvocation.proceed(MethodInvocation.java:60)\r\n\t\tat org.junit.jupiter.engine.execution.InvocationInterceptorChain$ValidatingInvocation.proceed(InvocationInterceptorChain.java:131)\r\n\t\tat org.junit.jupiter.engine.extension.TimeoutExtension.intercept(TimeoutExtension.java:149)\r\n\t\tat org.junit.jupiter.engine.extension.TimeoutExtension.interceptTestableMethod(TimeoutExtension.java:140)\r\n\t\tat org.junit.jupiter.engine.extension.TimeoutExtension.interceptTestTemplateMethod(TimeoutExtension.java:92)\r\n\t\tat org.junit.jupiter.engine.execution.ExecutableInvoker$ReflectiveInterceptorCall.lambda$ofVoidMethod$0(ExecutableInvoker.java:115)\r\n\t\tat org.junit.jupiter.engine.execution.ExecutableInvoker.lambda$invoke$0(ExecutableInvoker.java:105)\r\n\t\tat org.junit.jupiter.engine.execution.InvocationInterceptorChain$InterceptedInvocation.proceed(InvocationInterceptorChain.java:106)\r\n\t\tat org.junit.jupiter.engine.execution.InvocationInterceptorChain.proceed(InvocationInterceptorChain.java:64)\r\n\t\tat org.junit.jupiter.engine.execution.InvocationInterceptorChain.chainAndInvoke(InvocationInterceptorChain.java:45)\r\n\t\tat org.junit.jupiter.engine.execution.InvocationInterceptorChain.invoke(InvocationInterceptorChain.java:37)\r\n\t\tat org.junit.jupiter.engine.execution.ExecutableInvoker.invoke(ExecutableInvoker.java:104)\r\n\t\tat org.junit.jupiter.engine.execution.ExecutableInvoker.invoke(ExecutableInvoker.java:98)\r\n\t\tat org.junit.jupiter.engine.descriptor.TestMethodTestDescriptor.lambda$invokeTestMethod$6(TestMethodTestDescriptor.java:212)\r\n\t\tat org.junit.platform.engine.support.hierarchical.ThrowableCollector.execute(ThrowableCollector.java:73)\r\n\t\tat org.junit.jupiter.engine.descriptor.TestMethodTestDescriptor.invokeTestMethod(TestMethodTestDescriptor.java:208)\r\n\t\tat org.junit.jupiter.engine.descriptor.TestMethodTestDescriptor.execute(TestMethodTestDescriptor.java:137)\r\n\t\t... 106 more\r\n","steps":[{"name":"Переход в сервис \"Маркет\"","time":{"start":1700518547965,"stop":1700518548502,"duration":537},"status":"passed","steps":[],"attachments":[],"parameters":[{"name":"serviceName","value":"Маркет"},{"name":"nextPage","value":"class pages.ru.yandex.market.MarketMain"}],"attachmentsCount":0,"shouldDisplayMessage":false,"stepsCount":0,"hasContent":true,"attachmentStep":false},{"name":"Переход в категорию товаров \"Смартфоны\" внутри секции \"Электроника\"","time":{"start":1700518548503,"stop":1700518554567,"duration":6064},"status":"passed","steps":[],"attachments":[],"parameters":[{"name":"section","value":"Электроника"},{"name":"category","value":"Смартфоны"}],"attachmentsCount":0,"shouldDisplayMessage":false,"stepsCount":0,"hasContent":true,"attachmentStep":false},{"name":"Установка фильтров перечислений","time":{"start":1700518554570,"stop":1700518562148,"duration":7578},"status":"passed","steps":[{"name":"Обработка в фильтре перечислений \"Производитель\" чекбоксов: [Google, Seals, OnePlus, ASUS, Black Shark, Apple]","time":{"start":1700518554571,"stop":1700518560624,"duration":6053},"status":"passed","steps":[],"attachments":[],"parameters":[{"name":"textInFilterTitle","value":"Производитель"},{"name":"targets","value":"[Google, Seals, OnePlus, ASUS, Black Shark, Apple]"},{"name":"processMode","value":"MARK"}],"attachmentsCount":0,"shouldDisplayMessage":false,"stepsCount":0,"hasContent":true,"attachmentStep":false}],"attachments":[],"parameters":[{"name":"enumFilters","value":"{Производитель=[Google, Seals, OnePlus, ASUS, Black Shark, Apple]}"},{"name":"processMode","value":"MARK"}],"attachmentsCount":0,"shouldDisplayMessage":false,"stepsCount":1,"hasContent":true,"attachmentStep":false},{"name":"Постраничная проверка. Режим eager (чеки не скипаются, проверяются все страницы)","time":{"start":1700518562151,"stop":1700518575657,"duration":13506},"status":"failed","steps":[{"name":"Страница 1","time":{"start":1700518562153,"stop":1700518563962,"duration":1809},"status":"failed","steps":[{"name":"Элемент (всего таких: 1) \"IPhone 14\" не соответствует фильтру \"Производитель\". Слова проверки: [Google, Seals, OnePlus, ASUS, Black Shark, Apple]","time":{"start":1700518563086,"stop":1700518563961,"duration":875},"status":"failed","steps":[],"attachments":[{"uid":"9c029e2ef9b15458","name":"Screenshot","source":"9c029e2ef9b15458.png","type":"image/png","size":218924},{"uid":"c5c182453434fe34","name":"Page source","source":"c5c182453434fe34.html","type":"text/html","size":1779813}],"parameters":[],"attachmentsCount":2,"shouldDisplayMessage":false,"stepsCount":0,"hasContent":true,"attachmentStep":false}],"attachments":[],"parameters":[],"attachmentsCount":2,"shouldDisplayMessage":false,"stepsCount":1,"hasContent":true,"attachmentStep":false},{"name":"Страница 2","time":{"start":1700518564897,"stop":1700518565728,"duration":831},"status":"passed","steps":[{"name":"Каждый элемент соответствует фильтру \"Производитель\". Слова проверки: [Google, Seals, OnePlus, ASUS, Black Shark, Apple]","time":{"start":1700518565728,"stop":1700518565728,"duration":0},"status":"passed","steps":[],"attachments":[],"parameters":[],"attachmentsCount":0,"shouldDisplayMessage":false,"stepsCount":0,"hasContent":false,"attachmentStep":false}],"attachments":[],"parameters":[],"attachmentsCount":0,"shouldDisplayMessage":false,"stepsCount":1,"hasContent":true,"attachmentStep":false},{"name":"Страница 3","time":{"start":1700518566639,"stop":1700518567421,"duration":782},"status":"passed","steps":[{"name":"Каждый элемент соответствует фильтру \"Производитель\". Слова проверки: [Google, Seals, OnePlus, ASUS, Black Shark, Apple]","time":{"start":1700518567421,"stop":1700518567421,"duration":0},"status":"passed","steps":[],"attachments":[],"parameters":[],"attachmentsCount":0,"shouldDisplayMessage":false,"stepsCount":0,"hasContent":false,"attachmentStep":false}],"attachments":[],"parameters":[],"attachmentsCount":0,"shouldDisplayMessage":false,"stepsCount":1,"hasContent":true,"attachmentStep":false},{"name":"Страница 4","time":{"start":1700518568335,"stop":1700518569126,"duration":791},"status":"passed","steps":[{"name":"Каждый элемент соответствует фильтру \"Производитель\". Слова проверки: [Google, Seals, OnePlus, ASUS, Black Shark, Apple]","time":{"start":1700518569126,"stop":1700518569126,"duration":0},"status":"passed","steps":[],"attachments":[],"parameters":[],"attachmentsCount":0,"shouldDisplayMessage":false,"stepsCount":0,"hasContent":false,"attachmentStep":false}],"attachments":[],"parameters":[],"attachmentsCount":0,"shouldDisplayMessage":false,"stepsCount":1,"hasContent":true,"attachmentStep":false},{"name":"Страница 5","time":{"start":1700518570038,"stop":1700518571755,"duration":1717},"status":"failed","steps":[{"name":"Элемент (всего таких: 1) \"One Plus 10T 5G 16/256 Green EU Global Version\" не соответствует фильтру \"Производитель\". Слова проверки: [Google, Seals, OnePlus, ASUS, Black Shark, Apple]","time":{"start":1700518570802,"stop":1700518571754,"duration":952},"status":"failed","steps":[],"attachments":[{"uid":"c85304abe476a307","name":"Screenshot","source":"c85304abe476a307.png","type":"image/png","size":236740},{"uid":"6686cae3b0b0d64e","name":"Page source","source":"6686cae3b0b0d64e.html","type":"text/html","size":1776013}],"parameters":[],"attachmentsCount":2,"shouldDisplayMessage":false,"stepsCount":0,"hasContent":true,"attachmentStep":false}],"attachments":[],"parameters":[],"attachmentsCount":2,"shouldDisplayMessage":false,"stepsCount":1,"hasContent":true,"attachmentStep":false},{"name":"Страница 6","time":{"start":1700518572651,"stop":1700518573415,"duration":764},"status":"passed","steps":[{"name":"Каждый элемент соответствует фильтру \"Производитель\". Слова проверки: [Google, Seals, OnePlus, ASUS, Black Shark, Apple]","time":{"start":1700518573415,"stop":1700518573415,"duration":0},"status":"passed","steps":[],"attachments":[],"parameters":[],"attachmentsCount":0,"shouldDisplayMessage":false,"stepsCount":0,"hasContent":false,"attachmentStep":false}],"attachments":[],"parameters":[],"attachmentsCount":0,"shouldDisplayMessage":false,"stepsCount":1,"hasContent":true,"attachmentStep":false},{"name":"Страница 7","time":{"start":1700518574325,"stop":1700518574972,"duration":647},"status":"passed","steps":[{"name":"Каждый элемент соответствует фильтру \"Производитель\". Слова проверки: [Google, Seals, OnePlus, ASUS, Black Shark, Apple]","time":{"start":1700518574972,"stop":1700518574972,"duration":0},"status":"passed","steps":[],"attachments":[],"parameters":[],"attachmentsCount":0,"shouldDisplayMessage":false,"stepsCount":0,"hasContent":false,"attachmentStep":false}],"attachments":[],"parameters":[],"attachmentsCount":0,"shouldDisplayMessage":false,"stepsCount":1,"hasContent":true,"attachmentStep":false},{"name":"Страница 8","time":{"start":1700518575579,"stop":1700518575649,"duration":70},"status":"passed","steps":[{"name":"Каждый элемент соответствует фильтру \"Производитель\". Слова проверки: [Google, Seals, OnePlus, ASUS, Black Shark, Apple]","time":{"start":1700518575649,"stop":1700518575649,"duration":0},"status":"passed","steps":[],"attachments":[],"parameters":[],"attachmentsCount":0,"shouldDisplayMessage":false,"stepsCount":0,"hasContent":false,"attachmentStep":false}],"attachments":[],"parameters":[],"attachmentsCount":0,"shouldDisplayMessage":false,"stepsCount":1,"hasContent":true,"attachmentStep":false}],"attachments":[],"parameters":[],"attachmentsCount":4,"shouldDisplayMessage":false,"stepsCount":16,"hasContent":true,"attachmentStep":false}],"attachments":[],"parameters":[],"attachmentsCount":4,"shouldDisplayMessage":true,"stepsCount":21,"hasContent":true,"attachmentStep":false},"afterStages":[],"labels":[{"name":"junit.platform.uniqueid","value":"[engine:junit-jupiter]/[class:ru.bellintegrator.ru.yandex.market.MarketTest]/[test-template:marketTest(java.lang.String, java.lang.String, java.lang.String, java.lang.String, java.util.Map, java.util.Map)]/[test-template-invocation:#1]"},{"name":"owner","value":"Юрий Юрченко"},{"name":"feature","value":"Поиск товаров"},{"name":"host","value":"Yurii"},{"name":"thread","value":"11444@Yurii.main(1)"},{"name":"framework","value":"junit-platform"},{"name":"language","value":"java"},{"name":"package","value":"ru.bellintegrator.ru.yandex.market.MarketTest"},{"name":"testClass","value":"ru.bellintegrator.ru.yandex.market.MarketTest"},{"name":"testMethod","value":"marketTest"},{"name":"suite","value":"ru.bellintegrator.ru.yandex.market.MarketTest"},{"name":"resultFormat","value":"allure2"}],"parameters":[],"links":[],"hidden":false,"retry":false,"extra":{"severity":"normal","owner":"Юрий Юрченко","retries":[],"categories":[{"name":"Product defects","matchedStatuses":[],"flaky":false}],"tags":[]},"source":"b4437d0285a5993f.json","parameterValues":[]}